CommonsIntegration_LIB>>ACEPRU>>TI>>SUCCESS>>1668634835269
BIP9332I<<SharedLibrary 'CommonsIntegration_LIB' has been created successfully. <<1668634835269
BIP9326I<<The source 'CommonsIntegration_LIBproject.generated.bar' has been successfully deployed. <<1668634835269
LDAP-ConsultaUsuariosDominio-SV>>ACEPRU>>TI>>SUCCESS>>1668634860271
BIP9332I<<Application 'LDAP-ConsultaUsuariosDominio-SV' has been created successfully. <<1668634860271
BIP9326I<<The source 'LDAP-ConsultaUsuariosDominio-SVproject.generated.bar' has been successfully deployed. <<1668634860271
LDAP-ConsultaUsuariosDominio-CH>>ACEPRU>>TI>>SUCCESS>>1668634863806
BIP9332I<<Application 'LDAP-ConsultaUsuariosDominio-CH' has been created successfully. <<1668634863806
BIP9326I<<The source 'LDAP-ConsultaUsuariosDominio-CHproject.generated.bar' has been successfully deployed. <<1668634863806
LDAP-ConsultaUsuariosDominio-SV>>ACEPRU>>TI>>SUCCESS>>1668635053376
BIP9332I<<Application 'LDAP-ConsultaUsuariosDominio-SV' has been changed successfully. <<1668635053376
BIP9326I<<The source 'LDAP-ConsultaUsuariosDominio-SVproject.generated.bar' has been successfully deployed. <<1668635053376
LDAP-ConsultaUsuariosDominio-SV>>ACEPRU>>TI>>SUCCESS>>1668635147499
BIP9332I<<Application 'LDAP-ConsultaUsuariosDominio-SV' has been changed successfully. <<1668635147499
BIP9326I<<The source 'LDAP-ConsultaUsuariosDominio-SVproject.generated.bar' has been successfully deployed. <<1668635147499
LDAP-ConsultaUsuariosDominio-SV>>ACEPRU>>TI>>SUCCESS>>1668635239546
BIP9332I<<Application 'LDAP-ConsultaUsuariosDominio-SV' has been changed successfully. <<1668635239546
BIP9326I<<The source 'LDAP-ConsultaUsuariosDominio-SVproject.generated.bar' has been successfully deployed. <<1668635239546
CommonsIntegration_LIB>>ACEPRU>>TI>>SUCCESS>>1669318485602
BIP9332I<<SharedLibrary 'CommonsIntegration_LIB' has been changed successfully. <<1669318485602
BIP9332I<<Application 'LDAP-ConsultaUsuariosDominio-SV' has been reloaded successfully. <<1669318485602
BIP9332I<<Application 'Registro-ConsultaEventoNegocio-CH' has been reloaded successfully. <<1669318485602
BIP9332I<<Application 'Registro-CrearEventoNegocio-CH' has been reloaded successfully. <<1669318485602
BIP9332I<<Application 'LDAP-ConsultaUsuariosDominio-CH' has been reloaded successfully. <<1669318485602
BIP9332I<<Application 'Registro-ConsultaEventoNegocio-SV' has been reloaded successfully. <<1669318485602
BIP9326I<<The source 'CommonsIntegration_LIBproject.generated.bar' has been successfully deployed. <<1669318485602
LDAP-ConsultaUsuariosDominio-SV>>ACEPRU>>TI>>ERROR>>1669319823115
LDAP-ConsultaUsuariosDominio-SV>>ACEPRU>>TI>>SUCCESS>>1669320029318
BIP9332I<<Application 'LDAP-ConsultaUsuariosDominio-SV' has been created successfully. <<1669320029318
BIP9326I<<The source 'LDAP-ConsultaUsuariosDominio-SVproject.generated.bar' has been successfully deployed. <<1669320029318
Registro-ConsultaEventoNegocio-SV>>ACEPRU>>TI>>SUCCESS>>1669322042573
BIP9332I<<Application 'Registro-ConsultaEventoNegocio-SV' has been changed successfully. <<1669322042573
BIP9326I<<The source 'Registro-ConsultaEventoNegocio-SVproject.generated.bar' has been successfully deployed. <<1669322042573
Registro-ConsultaEventoNegocio-SV>>ACEPRU>>TI>>SUCCESS>>1669322177172
BIP9332I<<Application 'Registro-ConsultaEventoNegocio-SV' has been changed successfully. <<1669322177172
BIP9326I<<The source 'Registro-ConsultaEventoNegocio-SVproject.generated.bar' has been successfully deployed. <<1669322177172
CommonsIntegration_LIB>>ACEPRU>>TI>>SUCCESS>>1669322409589
BIP9332I<<SharedLibrary 'CommonsIntegration_LIB' has been changed successfully. <<1669322409589
BIP9332I<<Application 'Registro-ConsultaEventoNegocio-CH' has been reloaded successfully. <<1669322409589
BIP9332I<<Application 'Registro-CrearEventoNegocio-CH' has been reloaded successfully. <<1669322409589
BIP9332I<<Application 'LDAP-ConsultaUsuariosDominio-CH' has been reloaded successfully. <<1669322409589
BIP9332I<<Application 'LDAP-ConsultaUsuariosDominio-SV' has been reloaded successfully. <<1669322409589
BIP9332I<<Application 'Registro-ConsultaEventoNegocio-SV' has been reloaded successfully. <<1669322409589
BIP9326I<<The source 'CommonsIntegration_LIBproject.generated.bar' has been successfully deployed. <<1669322409589
CommonsIntegration_LIB>>ACEPRU>>TI>>SUCCESS>>1669322631091
BIP9332I<<SharedLibrary 'CommonsIntegration_LIB' has been changed successfully. <<1669322631091
BIP9332I<<Application 'Registro-ConsultaEventoNegocio-CH' has been reloaded successfully. <<1669322631091
BIP9332I<<Application 'Registro-CrearEventoNegocio-CH' has been reloaded successfully. <<1669322631091
BIP9332I<<Application 'LDAP-ConsultaUsuariosDominio-CH' has been reloaded successfully. <<1669322631091
BIP9332I<<Application 'LDAP-ConsultaUsuariosDominio-SV' has been reloaded successfully. <<1669322631091
BIP9332I<<Application 'Registro-ConsultaEventoNegocio-SV' has been reloaded successfully. <<1669322631091
BIP9326I<<The source 'CommonsIntegration_LIBproject.generated.bar' has been successfully deployed. <<1669322631091
Registro-CrearEventoNegocio-SV>>ACEPRU>>TI>>SUCCESS>>1669324505544
BIP9332I<<Application 'Registro-CrearEventoNegocio-SV' has been changed successfully. <<1669324505544
BIP9326I<<The source 'Registro-CrearEventoNegocio-SVproject.generated.bar' has been successfully deployed. <<1669324505544
Registro-CrearEventoNegocio-SV>>ACEPRU>>TI>>SUCCESS>>1669324600108
BIP9332I<<Application 'Registro-CrearEventoNegocio-SV' has been created successfully. <<1669324600108
BIP9326I<<The source 'Registro-CrearEventoNegocio-SVproject.generated.bar' has been successfully deployed. <<1669324600108
Registro-CrearEventoNegocio-SV>>ACEPRU>>TI>>SUCCESS>>1669324698473
BIP9332I<<Application 'Registro-CrearEventoNegocio-SV' has been changed successfully. <<1669324698473
BIP9326I<<The source 'Registro-CrearEventoNegocio-SVproject.generated.bar' has been successfully deployed. <<1669324698473
CommonsIntegration_LIB>>ACEPRU>>TI>>SUCCESS>>1669324851472
BIP9332I<<SharedLibrary 'CommonsIntegration_LIB' has been changed successfully. <<1669324851472
BIP9332I<<Application 'Registro-ConsultaEventoNegocio-CH' has been reloaded successfully. <<1669324851472
BIP9332I<<Application 'Registro-CrearEventoNegocio-CH' has been reloaded successfully. <<1669324851472
BIP9332I<<Application 'LDAP-ConsultaUsuariosDominio-CH' has been reloaded successfully. <<1669324851472
BIP9332I<<Application 'LDAP-ConsultaUsuariosDominio-SV' has been reloaded successfully. <<1669324851472
BIP9332I<<Application 'Registro-ConsultaEventoNegocio-SV' has been reloaded successfully. <<1669324851472
BIP9326I<<The source 'CommonsIntegration_LIBproject.generated.bar' has been successfully deployed. <<1669324851472
Registro-CrearEventoNegocio-SV>>ACEPRU>>TI>>SUCCESS>>1669324975920
BIP9332I<<Application 'Registro-CrearEventoNegocio-SV' has been changed successfully. <<1669324975920
BIP9326I<<The source 'Registro-CrearEventoNegocio-SVproject.generated.bar' has been successfully deployed. <<1669324975920
Registro-ConsultaEventoNegocio-SV>>ACEPRU>>TI>>SUCCESS>>1669389723685
BIP9332I<<Application 'Registro-ConsultaEventoNegocio-SV' has been changed successfully. <<1669389723685
BIP9326I<<The source 'Registro-ConsultaEventoNegocio-SVproject.generated.bar' has been successfully deployed. <<1669389723685
Registro-ConsultaEventoNegocio-SV>>ACEPRU>>TI>>SUCCESS>>1669389836769
BIP9332I<<Application 'Registro-ConsultaEventoNegocio-SV' has been changed successfully. <<1669389836769
BIP9326I<<The source 'Registro-ConsultaEventoNegocio-SVproject.generated.bar' has been successfully deployed. <<1669389836769
Registro-ConsultaEventoNegocio-SV>>ACEPRU>>TI>>SUCCESS>>1669390126092
BIP9332I<<Application 'Registro-ConsultaEventoNegocio-SV' has been changed successfully. <<1669390126092
BIP9326I<<The source 'Registro-ConsultaEventoNegocio-SVproject.generated.bar' has been successfully deployed. <<1669390126092
CommonsIntegration_LIB>>ACEPRU>>TI>>SUCCESS>>1669390246563
BIP9332I<<SharedLibrary 'CommonsIntegration_LIB' has been changed successfully. <<1669390246563
BIP9332I<<Application 'Registro-ConsultaEventoNegocio-CH' has been reloaded successfully. <<1669390246563
BIP9332I<<Application 'Registro-CrearEventoNegocio-CH' has been reloaded successfully. <<1669390246563
BIP9332I<<Application 'LDAP-ConsultaUsuariosDominio-CH' has been reloaded successfully. <<1669390246563
BIP9332I<<Application 'LDAP-ConsultaUsuariosDominio-SV' has been reloaded successfully. <<1669390246563
BIP9332I<<Application 'Registro-ConsultaEventoNegocio-SV' has been reloaded successfully. <<1669390246563
BIP9326I<<The source 'CommonsIntegration_LIBproject.generated.bar' has been successfully deployed. <<1669390246563
CommonsIntegration_LIB>>ACEPRU>>TI>>SUCCESS>>1669390332317
BIP9332I<<SharedLibrary 'CommonsIntegration_LIB' has been changed successfully. <<1669390332317
BIP9332I<<Application 'Registro-ConsultaEventoNegocio-CH' has been reloaded successfully. <<1669390332317
BIP9332I<<Application 'Registro-CrearEventoNegocio-CH' has been reloaded successfully. <<1669390332317
BIP9332I<<Application 'LDAP-ConsultaUsuariosDominio-CH' has been reloaded successfully. <<1669390332317
BIP9332I<<Application 'LDAP-ConsultaUsuariosDominio-SV' has been reloaded successfully. <<1669390332317
BIP9332I<<Application 'Registro-ConsultaEventoNegocio-SV' has been reloaded successfully. <<1669390332317
BIP9326I<<The source 'CommonsIntegration_LIBproject.generated.bar' has been successfully deployed. <<1669390332317
Registro-ConsultaEventoNegocio-SV>>ACEPRU>>TI>>SUCCESS>>1669390765550
BIP9332I<<Application 'Registro-ConsultaEventoNegocio-SV' has been changed successfully. <<1669390765550
BIP9326I<<The source 'Registro-ConsultaEventoNegocio-SVproject.generated.bar' has been successfully deployed. <<1669390765550
Registro-ConsultaEventoNegocio-SV>>ACEPRU>>TI>>SUCCESS>>1669390836071
BIP9332I<<Application 'Registro-ConsultaEventoNegocio-SV' has been changed successfully. <<1669390836071
BIP9326I<<The source 'Registro-ConsultaEventoNegocio-SVproject.generated.bar' has been successfully deployed. <<1669390836071
Registro-ConsultaEventoNegocio-SV>>ACEPRU>>TI>>SUCCESS>>1669390915654
BIP9332I<<Application 'Registro-ConsultaEventoNegocio-SV' has been changed successfully. <<1669390915654
BIP9326I<<The source 'Registro-ConsultaEventoNegocio-SVproject.generated.bar' has been successfully deployed. <<1669390915654
Registro-ConsultaEventoNegocio-SV>>ACEPRU>>TI>>SUCCESS>>1669391756571
BIP9332I<<Application 'Registro-ConsultaEventoNegocio-SV' has been changed successfully. <<1669391756571
BIP9326I<<The source 'Registro-ConsultaEventoNegocio-SVproject.generated.bar' has been successfully deployed. <<1669391756571
Registro-CrearEventoNegocio-SV>>ACEPRU>>TI>>SUCCESS>>1669392160645
BIP9332I<<Application 'Registro-CrearEventoNegocio-SV' has been changed successfully. <<1669392160645
BIP9326I<<The source 'Registro-CrearEventoNegocio-SVproject.generated.bar' has been successfully deployed. <<1669392160645
Registro-CrearEventoNegocio-SV>>ACEPRU>>TI>>SUCCESS>>1669392342177
BIP9332I<<Application 'Registro-CrearEventoNegocio-SV' has been changed successfully. <<1669392342177
BIP9326I<<The source 'Registro-CrearEventoNegocio-SVproject.generated.bar' has been successfully deployed. <<1669392342177
Registro-CrearEventoNegocio-SV>>ACEPRU>>TI>>SUCCESS>>1669394260443
BIP9332I<<Application 'Registro-CrearEventoNegocio-SV' has been changed successfully. <<1669394260443
BIP9326I<<The source 'Registro-CrearEventoNegocio-SVproject.generated.bar' has been successfully deployed. <<1669394260443
Registro-ConsultaEventoNegocio-SV>>ACEPRU>>TI>>SUCCESS>>1669407637721
BIP9332I<<Application 'Registro-ConsultaEventoNegocio-SV' has been changed successfully. <<1669407637721
BIP9326I<<The source 'Registro-ConsultaEventoNegocio-SVproject.generated.bar' has been successfully deployed. <<1669407637721
Registro-CrearEventoNegocio-SV>>ACEPRU>>TI>>SUCCESS>>1669729391040
BIP9332I<<Application 'Registro-CrearEventoNegocio-SV' has been changed successfully. <<1669729391040
BIP9326I<<The source 'Registro-CrearEventoNegocio-SVproject.generated.bar' has been successfully deployed. <<1669729391040
